  main.cpp
c:\users\mmeri\downloads\cg_assignment4_done_mon\cg_assignment4_mon\blackjack_core (redesign)\mesh.h(95): warning C4267: 'argument': conversion from 'size_t' to 'GLsizei', possible loss of data
c:\users\mmeri\downloads\cg_assignment4_done_mon\cg_assignment4_mon\blackjack_core (redesign)\main.cpp(132): warning C4244: 'initializing': conversion from 'double' to 'float', possible loss of data
c:\users\mmeri\downloads\cg_assignment4_done_mon\cg_assignment4_mon\blackjack_core (redesign)\main.cpp(155): warning C4305: 'argument': truncation from 'double' to 'float'
c:\users\mmeri\downloads\cg_assignment4_done_mon\cg_assignment4_mon\blackjack_core (redesign)\main.cpp(156): warning C4305: 'argument': truncation from 'double' to 'float'
c:\users\mmeri\downloads\cg_assignment4_done_mon\cg_assignment4_mon\blackjack_core (redesign)\main.cpp(165): warning C4305: 'argument': truncation from 'double' to 'float'
c:\users\mmeri\downloads\cg_assignment4_done_mon\cg_assignment4_mon\blackjack_core (redesign)\main.cpp(240): warning C4244: '=': conversion from 'double' to 'float', possible loss of data
c:\users\mmeri\downloads\cg_assignment4_done_mon\cg_assignment4_mon\blackjack_core (redesign)\main.cpp(243): warning C4244: 'initializing': conversion from 'double' to 'float', possible loss of data
c:\users\mmeri\downloads\cg_assignment4_done_mon\cg_assignment4_mon\blackjack_core (redesign)\main.cpp(244): warning C4244: 'initializing': conversion from 'double' to 'float', possible loss of data
c:\users\mmeri\downloads\cg_assignment4_done_mon\cg_assignment4_mon\blackjack_core (redesign)\main.cpp(245): warning C4244: '=': conversion from 'double' to 'float', possible loss of data
c:\users\mmeri\downloads\cg_assignment4_done_mon\cg_assignment4_mon\blackjack_core (redesign)\main.cpp(251): warning C4244: 'argument': conversion from 'double' to 'float', possible loss of data
main.obj : error LNK2019: unresolved external symbol glfwInit referenced in function main
main.obj : error LNK2019: unresolved external symbol glfwTerminate referenced in function main
main.obj : error LNK2019: unresolved external symbol glfwWindowHint referenced in function main
main.obj : error LNK2019: unresolved external symbol glfwCreateWindow referenced in function main
main.obj : error LNK2019: unresolved external symbol glfwWindowShouldClose referenced in function main
main.obj : error LNK2019: unresolved external symbol glfwSetWindowShouldClose referenced in function "void __cdecl processInput(struct GLFWwindow *)" (?processInput@@YAXPEAUGLFWwindow@@@Z)
main.obj : error LNK2019: unresolved external symbol glfwSetFramebufferSizeCallback referenced in function main
main.obj : error LNK2019: unresolved external symbol glfwPollEvents referenced in function main
main.obj : error LNK2019: unresolved external symbol glfwSetInputMode referenced in function main
main.obj : error LNK2019: unresolved external symbol glfwGetKey referenced in function "void __cdecl processInput(struct GLFWwindow *)" (?processInput@@YAXPEAUGLFWwindow@@@Z)
main.obj : error LNK2019: unresolved external symbol glfwSetCursorPosCallback referenced in function main
main.obj : error LNK2019: unresolved external symbol glfwSetScrollCallback referenced in function main
main.obj : error LNK2019: unresolved external symbol glfwGetTime referenced in function main
main.obj : error LNK2019: unresolved external symbol glfwMakeContextCurrent referenced in function main
main.obj : error LNK2019: unresolved external symbol glfwSwapBuffers referenced in function main
main.obj : error LNK2019: unresolved external symbol glfwGetProcAddress referenced in function main
main.obj : error LNK2019: unresolved external symbol "public: __cdecl Assimp::Importer::Importer(void)" (??0Importer@Assimp@@QEAA@XZ) referenced in function "private: void __cdecl Model::loadModel(class std::basic_string<char,struct std::char_traits<char>,class std::allocator<char> > const &)" (?loadModel@Model@@AEAAXAEBV?$basic_string@DU?$char_traits@D@std@@V?$allocator@D@2@@std@@@Z)
main.obj : error LNK2019: unresolved external symbol "public: __cdecl Assimp::Importer::~Importer(void)" (??1Importer@Assimp@@QEAA@XZ) referenced in function "private: void __cdecl Model::loadModel(class std::basic_string<char,struct std::char_traits<char>,class std::allocator<char> > const &)" (?loadModel@Model@@AEAAXAEBV?$basic_string@DU?$char_traits@D@std@@V?$allocator@D@2@@std@@@Z)
main.obj : error LNK2019: unresolved external symbol "public: struct aiScene const * __cdecl Assimp::Importer::ReadFile(char const *,unsigned int)" (?ReadFile@Importer@Assimp@@QEAAPEBUaiScene@@PEBDI@Z) referenced in function "public: struct aiScene const * __cdecl Assimp::Importer::ReadFile(class std::basic_string<char,struct std::char_traits<char>,class std::allocator<char> > const &,unsigned int)" (?ReadFile@Importer@Assimp@@QEAAPEBUaiScene@@AEBV?$basic_string@DU?$char_traits@D@std@@V?$allocator@D@2@@std@@I@Z)
main.obj : error LNK2019: unresolved external symbol "public: char const * __cdecl Assimp::Importer::GetErrorString(void)const " (?GetErrorString@Importer@Assimp@@QEBAPEBDXZ) referenced in function "private: void __cdecl Model::loadModel(class std::basic_string<char,struct std::char_traits<char>,class std::allocator<char> > const &)" (?loadModel@Model@@AEAAXAEBV?$basic_string@DU?$char_traits@D@std@@V?$allocator@D@2@@std@@@Z)
main.obj : error LNK2019: unresolved external symbol aiGetMaterialTextureCount referenced in function "public: unsigned int __cdecl aiMaterial::GetTextureCount(enum aiTextureType)const " (?GetTextureCount@aiMaterial@@QEBAIW4aiTextureType@@@Z)
main.obj : error LNK2019: unresolved external symbol aiGetMaterialTexture referenced in function "public: enum aiReturn __cdecl aiMaterial::GetTexture(enum aiTextureType,unsigned int,struct aiString *,enum aiTextureMapping *,unsigned int *,float *,enum aiTextureOp *,enum aiTextureMapMode *)const " (?GetTexture@aiMaterial@@QEBA?AW4aiReturn@@W4aiTextureType@@IPEAUaiString@@PEAW4aiTextureMapping@@PEAIPEAMPEAW4aiTextureOp@@PEAW4aiTextureMapMode@@@Z)
C:\Users\mmeri\Downloads\CG_Assignment4_DONE_MON\CG_Assignment4_MON\x64\Debug\BLACKJACK_CORE_v2.exe : fatal error LNK1120: 22 unresolved externals
